==40748== Memcheck, a memory error detector
==40748== Copyright (C) 2002-2015, and GNU GPL'd, by Julian Seward et al.
==40748== Using Valgrind-3.11.0 and LibVEX; rerun with -h for copyright info
==40748== Command: ./predictor --trace-file=../../traces/DIST-FP-1 --rat-size=4 --g-history-size=12
==40748== Parent PID: 40747
==40748== 
==40748== Use of uninitialised value of size 8
==40748==    at 0x40746F: PREDICTOR::get_prediction(branch_record_c const*, op_state_c const*, unsigned int*) (predictor.cc:61)
==40748==    by 0x406147: main (main.cc:121)
==40748== 
==40748== Use of uninitialised value of size 8
==40748==    at 0x407820: PREDICTOR::update_counter(bool) (predictor.cc:185)
==40748==    by 0x4074EE: PREDICTOR::update_predictor(branch_record_c const*, op_state_c const*, bool, unsigned int) (predictor.cc:88)
==40748==    by 0x40618B: main (main.cc:128)
==40748== 
==40748== Conditional jump or move depends on uninitialised value(s)
==40748==    at 0x4075F9: PREDICTOR::update_predictor(branch_record_c const*, op_state_c const*, bool, unsigned int) (predictor.cc:125)
==40748==    by 0x40618B: main (main.cc:128)
==40748== 
==40748== Use of uninitialised value of size 8
==40748==    at 0x4077CB: PREDICTOR::update_counter(bool) (predictor.cc:176)
==40748==    by 0x4074EE: PREDICTOR::update_predictor(branch_record_c const*, op_state_c const*, bool, unsigned int) (predictor.cc:88)
==40748==    by 0x40618B: main (main.cc:128)
==40748== 
==40748== Use of uninitialised value of size 8
==40748==    at 0x4077E7: PREDICTOR::update_counter(bool) (predictor.cc:179)
==40748==    by 0x4074EE: PREDICTOR::update_predictor(branch_record_c const*, op_state_c const*, bool, unsigned int) (predictor.cc:88)
==40748==    by 0x40618B: main (main.cc:128)
==40748== 
==40748== 
==40748== HEAP SUMMARY:
==40748==     in use at exit: 72,704 bytes in 1 blocks
==40748==   total heap usage: 143,776 allocs, 143,775 frees, 10,460,736 bytes allocated
==40748== 
==40748== LEAK SUMMARY:
==40748==    definitely lost: 0 bytes in 0 blocks
==40748==    indirectly lost: 0 bytes in 0 blocks
==40748==      possibly lost: 0 bytes in 0 blocks
==40748==    still reachable: 72,704 bytes in 1 blocks
==40748==         suppressed: 0 bytes in 0 blocks
==40748== Reachable blocks (those to which a pointer was found) are not shown.
==40748== To see them, rerun with: --leak-check=full --show-leak-kinds=all
==40748== 
==40748== For counts of detected and suppressed errors, rerun with: -v
==40748== Use --track-origins=yes to see where uninitialised values come from
==40748== ERROR SUMMARY: 761 errors from 5 contexts (suppressed: 0 from 0)
