#! /usr/local/bin/vvp
:ivl_version "10.1 (stable)" "(v10_1_1)";
:ivl_delay_selection "TYPICAL";
:vpi_time_precision + 0;
:vpi_module "system";
:vpi_module "vhdl_sys";
:vpi_module "v2005_math";
:vpi_module "va_math";
S_0x1f8d890 .scope module, "tb_keypad" "tb_keypad" 2 11;
 .timescale 0 0;
P_0x1f8da10 .param/l "CLK_CYC" 0 2 16, +C4<00000000000000000000000000010100>;
P_0x1f8da50 .param/l "KEY_COL" 0 2 15, +C4<00000000000000000000000000000100>;
P_0x1f8da90 .param/l "KEY_ROW" 0 2 14, +C4<00000000000000000000000000000100>;
v0x1fb4d50_0 .var *"_s0", 0 0; Local signal
v0x1fb4e50_0 .var "clk", 0 0;
v0x1fb4f10_0 .var "col", 3 0;
v0x1fb5010_0 .net "key", 3 0, v0x1fb48b0_0;  1 drivers
v0x1fb50e0_0 .var "key_in", 0 0;
v0x1fb51d0_0 .var "row", 3 0;
v0x1fb52a0_0 .net "valid", 0 0, v0x1fb4b90_0;  1 drivers
S_0x1f55cf0 .scope module, "dut" "dut_keypad" 2 47, 3 26 0, S_0x1f8d890;
 .timescale 0 0;
    .port_info 0 /INPUT 1 "clk"
    .port_info 1 /INPUT 4 "row"
    .port_info 2 /INPUT 4 "col"
    .port_info 3 /INPUT 1 "key_in"
    .port_info 4 /OUTPUT 1 "valid"
    .port_info 5 /OUTPUT 4 "key"
P_0x1f561c0 .param/l "KEY_COL" 0 3 30, +C4<00000000000000000000000000000100>;
P_0x1f56200 .param/l "KEY_ROW" 0 3 29, +C4<00000000000000000000000000000100>;
v0x1f55f40_0 .net "clk", 0 0, v0x1fb4e50_0;  1 drivers
v0x1fb47d0_0 .net "col", 3 0, v0x1fb4f10_0;  1 drivers
v0x1fb48b0_0 .var "key", 3 0;
v0x1fb49a0_0 .net "key_in", 0 0, v0x1fb50e0_0;  1 drivers
v0x1fb4a60_0 .net "row", 3 0, v0x1fb51d0_0;  1 drivers
v0x1fb4b90_0 .var "valid", 0 0;
E_0x1f8b720 .event posedge, v0x1f55f40_0;
    .scope S_0x1f55cf0;
T_0 ;
    %wait E_0x1f8b720;
    %load/vec4 v0x1fb49a0_0;
    %flag_set/vec4 8;
    %jmp/0xz  T_0.0, 8;
    %pushi/vec4 3, 0, 32;
    %load/vec4 v0x1fb4a60_0;
    %pad/u 32;
    %cmp/u;
    %flag_mov 8, 5;
    %pushi/vec4 3, 0, 32;
    %load/vec4 v0x1fb47d0_0;
    %pad/u 32;
    %cmp/u;
    %flag_or 5, 8;
    %jmp/0xz  T_0.2, 5;
    %pushi/vec4 0, 0, 4;
    %assign/vec4 v0x1fb48b0_0, 0;
    %pushi/vec4 0, 0, 1;
    %assign/vec4 v0x1fb4b90_0, 0;
    %jmp T_0.3;
T_0.2 ;
    %load/vec4 v0x1fb4a60_0;
    %pad/u 32;
    %muli 4, 0, 32;
    %load/vec4 v0x1fb47d0_0;
    %pad/u 32;
    %add;
    %pad/u 4;
    %assign/vec4 v0x1fb48b0_0, 0;
    %pushi/vec4 1, 0, 1;
    %assign/vec4 v0x1fb4b90_0, 0;
T_0.3 ;
T_0.0 ;
    %jmp T_0;
    .thread T_0;
    .scope S_0x1f8d890;
T_1 ;
    %pushi/vec4 0, 0, 1;
    %store/vec4 v0x1fb4e50_0, 0, 1;
T_1.0 ;
    %load/vec4 v0x1fb4e50_0;
    %inv;
    %store/vec4 v0x1fb4d50_0, 0, 1;
    %pushi/vec4 20, 0, 64;
    %ix/vec4 4;
    %delayx 4;
    %load/vec4 v0x1fb4d50_0;
    %store/vec4 v0x1fb4e50_0, 0, 1;
    %jmp T_1.0;
    %end;
    .thread T_1;
    .scope S_0x1f8d890;
T_2 ;
    %delay 100, 0;
    %pushi/vec4 6, 0, 4;
    %store/vec4 v0x1fb51d0_0, 0, 4;
    %pushi/vec4 1, 0, 4;
    %store/vec4 v0x1fb4f10_0, 0, 4;
    %pushi/vec4 1, 0, 1;
    %store/vec4 v0x1fb50e0_0, 0, 1;
    %delay 140, 0;
    %vpi_call 2 42 "$display", "Row %d, Col %d, Out Key %d, Valid %d", v0x1fb51d0_0, v0x1fb4f10_0, v0x1fb5010_0, v0x1fb52a0_0 {0 0 0};
    %vpi_call 2 44 "$finish" {0 0 0};
    %end;
    .thread T_2;
# The file index is used to find the file name in the following table.
:file_names 4;
    "N/A";
    "<interactive>";
    "tb_keypad.v";
    "dut_keypad.v";
