00:37:05 INFO  : Registering command handlers for SDK TCF services
00:37:07 INFO  : Launching XSCT server: xsct -n -interactive /home/adeswand/Gitrepo/ameyarepo/workspace/fpga/proj/hello_world_arty/hello_world_arty.sdk/temp_xsdb_launch_script.tcl
00:37:13 INFO  : XSCT server has started successfully.
00:37:16 INFO  : Successfully done setting XSCT server connection channel  
00:37:16 INFO  : Successfully done setting SDK workspace  
00:37:16 INFO  : Processing command line option -hwspec /home/adeswand/Gitrepo/ameyarepo/workspace/fpga/proj/hello_world_arty/hello_world_arty.sdk/design_1_wrapper.hdf.
00:42:09 INFO  : Connected to target on host '127.0.0.1' and port '3121'.
00:42:10 INFO  : 'targets -set -filter {jtag_cable_name =~ "Digilent Arty Z7 003017A70122A" && level==0} -index 1' command is executed.
00:42:13 INFO  : FPGA configured successfully with bitstream "/home/adeswand/Gitrepo/ameyarepo/workspace/fpga/proj/hello_world_arty/hello_world_arty.sdk/design_1_wrapper_hw_platform_0/design_1_wrapper.bit"
00:42:43 INFO  : 'targets -set -filter {jtag_cable_name =~ "Digilent Arty Z7 003017A70122A" && level==0} -index 1' command is executed.
00:42:43 INFO  : 'fpga -state' command is executed.
00:42:43 INFO  : Connected to target on host '127.0.0.1' and port '3121'.
00:42:44 INFO  : Jtag cable 'Digilent Arty Z7 003017A70122A' is selected.
00:42:44 INFO  : 'jtag frequency' command is executed.
00:42:44 INFO  : Sourcing of '/home/adeswand/Gitrepo/ameyarepo/workspace/fpga/proj/hello_world_arty/hello_world_arty.sdk/design_1_wrapper_hw_platform_0/ps7_init.tcl' is done.
00:42:45 INFO  : Context for 'APU' is selected.
00:42:45 INFO  : Hardware design information is loaded from '/home/adeswand/Gitrepo/ameyarepo/workspace/fpga/proj/hello_world_arty/hello_world_arty.sdk/design_1_wrapper_hw_platform_0/system.hdf'.
00:42:45 INFO  : 'configparams force-mem-access 1' command is executed.
00:42:45 INFO  : Context for 'APU' is selected.
00:42:45 INFO  : 'stop' command is executed.
00:42:48 INFO  : 'ps7_init' command is executed.
00:42:48 INFO  : 'ps7_post_config' command is executed.
00:42:48 INFO  : Context for processor 'ps7_cortexa9_0' is selected.
00:42:48 INFO  : Processor reset is completed for 'ps7_cortexa9_0'.
00:42:48 INFO  : Context for processor 'ps7_cortexa9_0' is selected.
00:42:49 INFO  : The application '/home/adeswand/Gitrepo/ameyarepo/workspace/fpga/proj/hello_world_arty/hello_world_arty.sdk/zync-gsg/Debug/zync-gsg.elf' is downloaded to processor 'ps7_cortexa9_0'.
00:42:49 INFO  : 'configparams force-mem-access 0' command is executed.
00:42:49 INFO  : ----------------XSDB Script----------------
connect -url tcp:127.0.0.1:3121
source /home/adeswand/Gitrepo/ameyarepo/workspace/fpga/proj/hello_world_arty/hello_world_arty.sdk/design_1_wrapper_hw_platform_0/ps7_init.tcl
targets -set -nocase -filter {name =~"APU*" && jtag_cable_name =~ "Digilent Arty Z7 003017A70122A"} -index 0
loadhw -hw /home/adeswand/Gitrepo/ameyarepo/workspace/fpga/proj/hello_world_arty/hello_world_arty.sdk/design_1_wrapper_hw_platform_0/system.hdf -mem-ranges [list {0x40000000 0xbfffffff}]
configparams force-mem-access 1
targets -set -nocase -filter {name =~"APU*" && jtag_cable_name =~ "Digilent Arty Z7 003017A70122A"} -index 0
stop
ps7_init
ps7_post_config
targets -set -nocase -filter {name =~ "ARM*#0" && jtag_cable_name =~ "Digilent Arty Z7 003017A70122A"} -index 0
rst -processor
targets -set -nocase -filter {name =~ "ARM*#0" && jtag_cable_name =~ "Digilent Arty Z7 003017A70122A"} -index 0
dow /home/adeswand/Gitrepo/ameyarepo/workspace/fpga/proj/hello_world_arty/hello_world_arty.sdk/zync-gsg/Debug/zync-gsg.elf
configparams force-mem-access 0
----------------End of Script----------------

00:42:49 INFO  : Memory regions updated for context APU
00:42:50 INFO  : Context for processor 'ps7_cortexa9_0' is selected.
00:42:50 INFO  : 'con' command is executed.
00:42:50 INFO  : ----------------XSDB Script (After Launch)----------------
targets -set -nocase -filter {name =~ "ARM*#0" && jtag_cable_name =~ "Digilent Arty Z7 003017A70122A"} -index 0
con
----------------End of Script----------------

00:42:50 INFO  : Launch script is exported to file '/home/adeswand/Gitrepo/ameyarepo/workspace/fpga/proj/hello_world_arty/hello_world_arty.sdk/.sdk/launch_scripts/xilinx_c-c++_application_(system_debugger)/system_debugger_using_debug_zync-gsg.elf_on_local.tcl'
00:56:47 INFO  : Disconnected from the channel tcfchan#1.
00:56:49 INFO  : 'targets -set -filter {jtag_cable_name =~ "Digilent Arty Z7 003017A70122A" && level==0} -index 1' command is executed.
00:56:49 INFO  : 'fpga -state' command is executed.
00:56:49 INFO  : Connected to target on host '127.0.0.1' and port '3121'.
00:56:50 INFO  : Jtag cable 'Digilent Arty Z7 003017A70122A' is selected.
00:56:50 INFO  : 'jtag frequency' command is executed.
00:56:50 INFO  : Sourcing of '/home/adeswand/Gitrepo/ameyarepo/workspace/fpga/proj/hello_world_arty/hello_world_arty.sdk/design_1_wrapper_hw_platform_0/ps7_init.tcl' is done.
00:56:50 INFO  : Context for 'APU' is selected.
00:57:00 INFO  : Hardware design information is loaded from '/home/adeswand/Gitrepo/ameyarepo/workspace/fpga/proj/hello_world_arty/hello_world_arty.sdk/design_1_wrapper_hw_platform_0/system.hdf'.
00:57:00 INFO  : 'configparams force-mem-access 1' command is executed.
00:57:00 INFO  : Context for 'APU' is selected.
00:57:00 INFO  : 'stop' command is executed.
00:57:03 INFO  : 'ps7_init' command is executed.
00:57:03 INFO  : 'ps7_post_config' command is executed.
00:57:04 INFO  : Context for processor 'ps7_cortexa9_0' is selected.
00:57:04 INFO  : Processor reset is completed for 'ps7_cortexa9_0'.
00:57:04 INFO  : Context for processor 'ps7_cortexa9_0' is selected.
00:57:05 INFO  : The application '/home/adeswand/Gitrepo/ameyarepo/workspace/fpga/proj/hello_world_arty/hello_world_arty.sdk/zync-gsg/Debug/zync-gsg.elf' is downloaded to processor 'ps7_cortexa9_0'.
00:57:05 INFO  : 'configparams force-mem-access 0' command is executed.
00:57:05 INFO  : ----------------XSDB Script----------------
connect -url tcp:127.0.0.1:3121
source /home/adeswand/Gitrepo/ameyarepo/workspace/fpga/proj/hello_world_arty/hello_world_arty.sdk/design_1_wrapper_hw_platform_0/ps7_init.tcl
targets -set -nocase -filter {name =~"APU*" && jtag_cable_name =~ "Digilent Arty Z7 003017A70122A"} -index 0
loadhw -hw /home/adeswand/Gitrepo/ameyarepo/workspace/fpga/proj/hello_world_arty/hello_world_arty.sdk/design_1_wrapper_hw_platform_0/system.hdf -mem-ranges [list {0x40000000 0xbfffffff}]
configparams force-mem-access 1
targets -set -nocase -filter {name =~"APU*" && jtag_cable_name =~ "Digilent Arty Z7 003017A70122A"} -index 0
stop
ps7_init
ps7_post_config
targets -set -nocase -filter {name =~ "ARM*#0" && jtag_cable_name =~ "Digilent Arty Z7 003017A70122A"} -index 0
rst -processor
targets -set -nocase -filter {name =~ "ARM*#0" && jtag_cable_name =~ "Digilent Arty Z7 003017A70122A"} -index 0
dow /home/adeswand/Gitrepo/ameyarepo/workspace/fpga/proj/hello_world_arty/hello_world_arty.sdk/zync-gsg/Debug/zync-gsg.elf
configparams force-mem-access 0
----------------End of Script----------------

00:57:05 INFO  : Memory regions updated for context APU
00:57:06 INFO  : Context for processor 'ps7_cortexa9_0' is selected.
00:57:06 INFO  : 'con' command is executed.
00:57:06 INFO  : ----------------XSDB Script (After Launch)----------------
targets -set -nocase -filter {name =~ "ARM*#0" && jtag_cable_name =~ "Digilent Arty Z7 003017A70122A"} -index 0
con
----------------End of Script----------------

00:57:06 INFO  : Launch script is exported to file '/home/adeswand/Gitrepo/ameyarepo/workspace/fpga/proj/hello_world_arty/hello_world_arty.sdk/.sdk/launch_scripts/xilinx_c-c++_application_(system_debugger)/system_debugger_using_debug_zync-gsg.elf_on_local.tcl'
00:57:59 INFO  : Disconnected from the channel tcfchan#2.
00:58:01 INFO  : 'targets -set -filter {jtag_cable_name =~ "Digilent Arty Z7 003017A70122A" && level==0} -index 1' command is executed.
00:58:01 INFO  : 'fpga -state' command is executed.
00:58:01 INFO  : Connected to target on host '127.0.0.1' and port '3121'.
00:58:03 INFO  : Jtag cable 'Digilent Arty Z7 003017A70122A' is selected.
00:58:03 INFO  : 'jtag frequency' command is executed.
00:58:03 INFO  : Sourcing of '/home/adeswand/Gitrepo/ameyarepo/workspace/fpga/proj/hello_world_arty/hello_world_arty.sdk/design_1_wrapper_hw_platform_0/ps7_init.tcl' is done.
00:58:03 INFO  : Context for 'APU' is selected.
00:58:14 INFO  : Hardware design information is loaded from '/home/adeswand/Gitrepo/ameyarepo/workspace/fpga/proj/hello_world_arty/hello_world_arty.sdk/design_1_wrapper_hw_platform_0/system.hdf'.
00:58:14 INFO  : 'configparams force-mem-access 1' command is executed.
00:58:14 INFO  : Context for 'APU' is selected.
00:58:14 INFO  : 'stop' command is executed.
00:58:17 INFO  : 'ps7_init' command is executed.
00:58:17 INFO  : 'ps7_post_config' command is executed.
00:58:18 INFO  : Context for processor 'ps7_cortexa9_0' is selected.
00:58:18 INFO  : Processor reset is completed for 'ps7_cortexa9_0'.
00:58:18 INFO  : Context for processor 'ps7_cortexa9_0' is selected.
00:58:19 INFO  : The application '/home/adeswand/Gitrepo/ameyarepo/workspace/fpga/proj/hello_world_arty/hello_world_arty.sdk/zync-gsg/Debug/zync-gsg.elf' is downloaded to processor 'ps7_cortexa9_0'.
00:58:19 INFO  : 'configparams force-mem-access 0' command is executed.
00:58:19 INFO  : ----------------XSDB Script----------------
connect -url tcp:127.0.0.1:3121
source /home/adeswand/Gitrepo/ameyarepo/workspace/fpga/proj/hello_world_arty/hello_world_arty.sdk/design_1_wrapper_hw_platform_0/ps7_init.tcl
targets -set -nocase -filter {name =~"APU*" && jtag_cable_name =~ "Digilent Arty Z7 003017A70122A"} -index 0
loadhw -hw /home/adeswand/Gitrepo/ameyarepo/workspace/fpga/proj/hello_world_arty/hello_world_arty.sdk/design_1_wrapper_hw_platform_0/system.hdf -mem-ranges [list {0x40000000 0xbfffffff}]
configparams force-mem-access 1
targets -set -nocase -filter {name =~"APU*" && jtag_cable_name =~ "Digilent Arty Z7 003017A70122A"} -index 0
stop
ps7_init
ps7_post_config
targets -set -nocase -filter {name =~ "ARM*#0" && jtag_cable_name =~ "Digilent Arty Z7 003017A70122A"} -index 0
rst -processor
targets -set -nocase -filter {name =~ "ARM*#0" && jtag_cable_name =~ "Digilent Arty Z7 003017A70122A"} -index 0
dow /home/adeswand/Gitrepo/ameyarepo/workspace/fpga/proj/hello_world_arty/hello_world_arty.sdk/zync-gsg/Debug/zync-gsg.elf
configparams force-mem-access 0
----------------End of Script----------------

00:58:19 INFO  : Memory regions updated for context APU
00:58:20 INFO  : Context for processor 'ps7_cortexa9_0' is selected.
00:58:20 INFO  : 'con' command is executed.
00:58:20 INFO  : ----------------XSDB Script (After Launch)----------------
targets -set -nocase -filter {name =~ "ARM*#0" && jtag_cable_name =~ "Digilent Arty Z7 003017A70122A"} -index 0
con
----------------End of Script----------------

00:58:20 INFO  : Launch script is exported to file '/home/adeswand/Gitrepo/ameyarepo/workspace/fpga/proj/hello_world_arty/hello_world_arty.sdk/.sdk/launch_scripts/xilinx_c-c++_application_(system_debugger)/system_debugger_using_debug_zync-gsg.elf_on_local.tcl'
01:18:56 INFO  : Disconnected from the channel tcfchan#3.
